<?xml version="1.0" encoding="UTF-8"?>
<!-- Generated by org.testng.reporters.JUnitXMLReporter -->
<testsuite ignored="0" hostname="Vipin-PC" failures="0" tests="3" name="Default test" time="74.33" errors="0" timestamp="2024-08-22T16:23:52 IST">
  <testcase classname="com.crm.qa.testcases.LoginPageTest" name="loginPageTitleTest" time="0.115"/>
  <testcase classname="com.crm.qa.testcases.LoginPageTest" name="crmLogoImageTest" time="0.308"/>
  <testcase classname="com.crm.qa.testcases.LoginPageTest" name="loginTest" time="15.484"/>
</testsuite> <!-- Default test -->
