<?xml version="1.0" encoding="UTF-8"?>
<testng-results ignored="0" total="3" passed="3" failed="0" skipped="0">
  <reporter-output>
  </reporter-output>
  <suite started-at="2024-08-22T16:22:38 IST" name="Default suite" finished-at="2024-08-22T16:23:52 IST" duration-ms="74330">
    <groups>
    </groups>
    <test started-at="2024-08-22T16:22:38 IST" name="Default test" finished-at="2024-08-22T16:23:52 IST" duration-ms="74330">
      <class name="com.crm.qa.testcases.LoginPageTest">
        <test-method is-config="true" signature="setUp()[pri:0, instance:com.crm.qa.testcases.LoginPageTest@6cc4cdb9]" started-at="2024-08-22T16:22:38 IST" name="setUp" finished-at="2024-08-22T16:22:58 IST" duration-ms="20368" status="PASS">
          <reporter-output>
          </reporter-output>
        </test-method> <!-- setUp -->
        <test-method signature="loginPageTitleTest()[pri:1, instance:com.crm.qa.testcases.LoginPageTest@6cc4cdb9]" started-at="2024-08-22T16:22:58 IST" name="loginPageTitleTest" finished-at="2024-08-22T16:22:58 IST" duration-ms="115" status="PASS">
          <reporter-output>
          </reporter-output>
        </test-method> <!-- loginPageTitleTest -->
        <test-method is-config="true" signature="tearDown()[pri:0, instance:com.crm.qa.testcases.LoginPageTest@6cc4cdb9]" started-at="2024-08-22T16:22:58 IST" name="tearDown" finished-at="2024-08-22T16:23:01 IST" duration-ms="2631" status="PASS">
          <reporter-output>
          </reporter-output>
        </test-method> <!-- tearDown -->
        <test-method is-config="true" signature="setUp()[pri:0, instance:com.crm.qa.testcases.LoginPageTest@6cc4cdb9]" started-at="2024-08-22T16:23:01 IST" name="setUp" finished-at="2024-08-22T16:23:17 IST" duration-ms="16088" status="PASS">
          <reporter-output>
          </reporter-output>
        </test-method> <!-- setUp -->
        <test-method signature="crmLogoImageTest()[pri:2, instance:com.crm.qa.testcases.LoginPageTest@6cc4cdb9]" started-at="2024-08-22T16:23:17 IST" name="crmLogoImageTest" finished-at="2024-08-22T16:23:17 IST" duration-ms="308" status="PASS">
          <reporter-output>
          </reporter-output>
        </test-method> <!-- crmLogoImageTest -->
        <test-method is-config="true" signature="tearDown()[pri:0, instance:com.crm.qa.testcases.LoginPageTest@6cc4cdb9]" started-at="2024-08-22T16:23:17 IST" name="tearDown" finished-at="2024-08-22T16:23:19 IST" duration-ms="1262" status="PASS">
          <reporter-output>
          </reporter-output>
        </test-method> <!-- tearDown -->
        <test-method is-config="true" signature="setUp()[pri:0, instance:com.crm.qa.testcases.LoginPageTest@6cc4cdb9]" started-at="2024-08-22T16:23:19 IST" name="setUp" finished-at="2024-08-22T16:23:35 IST" duration-ms="16825" status="PASS">
          <reporter-output>
          </reporter-output>
        </test-method> <!-- setUp -->
        <test-method signature="loginTest()[pri:3, instance:com.crm.qa.testcases.LoginPageTest@6cc4cdb9]" started-at="2024-08-22T16:23:35 IST" name="loginTest" finished-at="2024-08-22T16:23:51 IST" duration-ms="15484" status="PASS">
          <reporter-output>
          </reporter-output>
        </test-method> <!-- loginTest -->
        <test-method is-config="true" signature="tearDown()[pri:0, instance:com.crm.qa.testcases.LoginPageTest@6cc4cdb9]" started-at="2024-08-22T16:23:51 IST" name="tearDown" finished-at="2024-08-22T16:23:52 IST" duration-ms="999" status="PASS">
          <reporter-output>
          </reporter-output>
        </test-method> <!-- tearDown -->
      </class> <!-- com.crm.qa.testcases.LoginPageTest -->
    </test> <!-- Default test -->
  </suite> <!-- Default suite -->
</testng-results>
